D:\PROJECTS\WH_MASKMAN_RECONGIZE\DETECTMASKMAN\DETECTMASKMAN\RELEASE\LIB_MASKMAN_DETECT.OBJ
D:\PROJECTS\WH_MASKMAN_RECONGIZE\DETECTMASKMAN\DETECTMASKMAN\RELEASE\CONTROLLER.OBJ
D:\PROJECTS\WH_MASKMAN_RECONGIZE\DETECTMASKMAN\DETECTMASKMAN\RELEASE\ALGORITHMINTERFACE.OBJ
D:\PROJECTS\WH_MASKMAN_RECONGIZE\DETECTMASKMAN\DETECTMASKMAN\RELEASE\AI_MASKMAN_DETECT.OBJ
D:\PROJECTS\WH_MASKMAN_RECONGIZE\DETECTMASKMAN\DETECTMASKMAN\RELEASE\VC100.PDB
D:\Projects\WH_maskman_recongize\QtMaskManRecongize\Release\detectMaskMan.lib
D:\Projects\WH_maskman_recongize\QtMaskManRecongize\Release\detectMaskMan.exp
D:\PROJECTS\WH_MASKMAN_RECONGIZE\QTMASKMANRECONGIZE\RELEASE\DETECTMASKMAN.DLL
D:\PROJECTS\WH_MASKMAN_RECONGIZE\DETECTMASKMAN\DETECTMASKMAN\RELEASE\DETECTMASKMAN.DLL.INTERMEDIATE.MANIFEST
D:\PROJECTS\WH_MASKMAN_RECONGIZE\QTMASKMANRECONGIZE\RELEASE\DETECTMASKMAN.PDB
D:\Projects\WH_maskman_recongize\detectMaskMan\detectMaskMan\Release\AI_Maskman_Detect.obj
D:\Projects\WH_maskman_recongize\detectMaskMan\detectMaskMan\Release\algorithmInterface.obj
D:\Projects\WH_maskman_recongize\detectMaskMan\detectMaskMan\Release\Controller.obj
D:\Projects\WH_maskman_recongize\detectMaskMan\detectMaskMan\Release\lib_maskman_detect.obj
D:\Projects\WH_maskman_recongize\detectMaskMan\detectMaskMan\Release\cl.command.1.tlog
D:\Projects\WH_maskman_recongize\detectMaskMan\detectMaskMan\Release\CL.read.1.tlog
D:\Projects\WH_maskman_recongize\detectMaskMan\detectMaskMan\Release\CL.write.1.tlog
D:\Projects\WH_maskman_recongize\detectMaskMan\detectMaskMan\Release\detectMaskMan.write.1.tlog
D:\Projects\WH_maskman_recongize\detectMaskMan\detectMaskMan\Release\link.command.1.tlog
D:\Projects\WH_maskman_recongize\detectMaskMan\detectMaskMan\Release\link.read.1.tlog
D:\Projects\WH_maskman_recongize\detectMaskMan\detectMaskMan\Release\link.write.1.tlog
D:\Projects\WH_maskman_recongize\detectMaskMan\detectMaskMan\Release\mt.command.1.tlog
D:\Projects\WH_maskman_recongize\detectMaskMan\detectMaskMan\Release\mt.read.1.tlog
D:\Projects\WH_maskman_recongize\detectMaskMan\detectMaskMan\Release\mt.write.1.tlog
D:\Projects\WH_maskman_recongize\detectMaskMan\detectMaskMan\Release\detectMaskMan.dll.intermediate.manifest
D:\Projects\WH_maskman_recongize\detectMaskMan\detectMaskMan\Release\vc100.pdb
D:\Projects\WH_maskman_recongize\QtMaskManRecongize\Release\detectMaskMan.pdb
D:\Projects\WH_maskman_recongize\QtMaskManRecongize\Release\detectMaskMan.dll
